<?xml version="1.0" encoding="utf-8"?>
<test-run id="2" name="Open-Lab-03.06.dll" fullname="C:/Users/onkom/Source/Repos/Open-Lab-03.06/Open-Lab-03.06/bin/Debug/netcoreapp3.0/Open-Lab-03.06.dll" testcasecount="100" result="Passed" start-time="2021-10-14 18:17:20Z" end-time="2021-10-14 18:17:20Z" duration="0.169736" total="100" passed="100" failed="0" inconclusive="0" skipped="0" asserts="100" random-seed="413960128">
  <command-line><![CDATA[C:\Users\onkom\Source\Repos\Open-Lab-03.06\Open-Lab-03.06\bin\Debug\netcoreapp3.0\Open-Lab-03.06.dll]]></command-line>
  <filter />
  <test-suite type="Assembly" id="1102" name="Open-Lab-03.06.dll" fullname="C:/Users/onkom/Source/Repos/Open-Lab-03.06/Open-Lab-03.06/bin/Debug/netcoreapp3.0/Open-Lab-03.06.dll" runstate="Runnable" testcasecount="100" result="Passed" start-time="2021-10-14 18:17:20Z" end-time="2021-10-14 18:17:20Z" duration="0.169736" total="100" passed="100" failed="0" warnings="0" inconclusive="0" skipped="0" asserts="100">
    <environment framework-version="3.12.0.0" clr-version="3.1.19" os-version="Microsoft Windows 10.0.19042" platform="Win32NT" cwd="C:\Users\onkom\Source\Repos\Open-Lab-03.06\Open-Lab-03.06\bin\Debug\netcoreapp3.0" machine-name="DESKTOP-7OQAPDJ" user="onkom" user-domain="DESKTOP-7OQAPDJ" culture="en-US" uiculture="en-US" os-architecture="x64" />
    <settings>
      <setting name="WorkDirectory" value="C:\Users\onkom\Source\Repos\Open-Lab-03.06\Open-Lab-03.06\bin\Debug\netcoreapp3.0" />
      <setting name="NumberOfTestWorkers" value="4" />
    </settings>
    <properties>
      <property name="_PID" value="4848" />
      <property name="_APPDOMAIN" value="Open-Lab-03.06" />
    </properties>
    <test-suite type="TestSuite" id="1103" name="Open_Lab_03" fullname="Open_Lab_03" runstate="Runnable" testcasecount="100" result="Passed" start-time="2021-10-14 18:17:20Z" end-time="2021-10-14 18:17:20Z" duration="0.141698" total="100" passed="100" failed="0" warnings="0" inconclusive="0" skipped="0" asserts="100">
      <test-suite type="TestSuite" id="1104" name="_06" fullname="Open_Lab_03._06" runstate="Runnable" testcasecount="100" result="Passed" start-time="2021-10-14 18:17:20Z" end-time="2021-10-14 18:17:20Z" duration="0.139519" total="100" passed="100" failed="0" warnings="0" inconclusive="0" skipped="0" asserts="100">
        <test-suite type="TestFixture" id="1000" name="Tests" fullname="Open_Lab_03._06.Tests" classname="Open_Lab_03._06.Tests" runstate="Runnable" testcasecount="100" result="Passed" start-time="2021-10-14 18:17:20Z" end-time="2021-10-14 18:17:20Z" duration="0.133582" total="100" passed="100" failed="0" warnings="0" inconclusive="0" skipped="0" asserts="100">
          <test-suite type="ParameterizedMethod" id="1101" name="HasSpacesTest" fullname="Open_Lab_03._06.Tests.HasSpacesTest" classname="Open_Lab_03._06.Tests" runstate="Runnable" testcasecount="100" result="Passed" start-time="2021-10-14 18:17:20Z" end-time="2021-10-14 18:17:20Z" duration="0.113261" total="100" passed="100" failed="0" warnings="0" inconclusive="0" skipped="0" asserts="100">
            <test-case id="1001" name="HasSpacesTest(&quot;hello&quot;,False)" fullname="Open_Lab_03._06.Tests.HasSpacesTest(&quot;hello&quot;,False)" methodname="HasSpacesTest" classname="Open_Lab_03._06.Tests" runstate="Runnable" seed="808925623" result="Passed" start-time="2021-10-14 18:17:20Z" end-time="2021-10-14 18:17:20Z" duration="0.065817" asserts="1" />
            <test-case id="1002" name="HasSpacesTest(&quot;hello, world&quot;,True)" fullname="Open_Lab_03._06.Tests.HasSpacesTest(&quot;hello, world&quot;,True)" methodname="HasSpacesTest" classname="Open_Lab_03._06.Tests" runstate="Runnable" seed="815953886" result="Passed" start-time="2021-10-14 18:17:20Z" end-time="2021-10-14 18:17:20Z" duration="0.000554" asserts="1" />
            <test-case id="1003" name="HasSpacesTest(&quot; &quot;,True)" fullname="Open_Lab_03._06.Tests.HasSpacesTest(&quot; &quot;,True)" methodname="HasSpacesTest" classname="Open_Lab_03._06.Tests" runstate="Runnable" seed="1118949438" result="Passed" start-time="2021-10-14 18:17:20Z" end-time="2021-10-14 18:17:20Z" duration="0.000374" asserts="1" />
            <test-case id="1004" name="HasSpacesTest(&quot;&quot;,False)" fullname="Open_Lab_03._06.Tests.HasSpacesTest(&quot;&quot;,False)" methodname="HasSpacesTest" classname="Open_Lab_03._06.Tests" runstate="Runnable" seed="1251046618" result="Passed" start-time="2021-10-14 18:17:20Z" end-time="2021-10-14 18:17:20Z" duration="0.000296" asserts="1" />
            <test-case id="1005" name="HasSpacesTest(&quot;,./!@#&quot;,False)" fullname="Open_Lab_03._06.Tests.HasSpacesTest(&quot;,./!@#&quot;,False)" methodname="HasSpacesTest" classname="Open_Lab_03._06.Tests" runstate="Runnable" seed="545849784" result="Passed" start-time="2021-10-14 18:17:20Z" end-time="2021-10-14 18:17:20Z" duration="0.000401" asserts="1" />
            <test-case id="1006" name="HasSpacesTest(&quot;H$)5@PF;P&quot;,False)" fullname="Open_Lab_03._06.Tests.HasSpacesTest(&quot;H$)5@PF;P&quot;,False)" methodname="HasSpacesTest" classname="Open_Lab_03._06.Tests" runstate="Runnable" seed="1409981338" result="Passed" start-time="2021-10-14 18:17:20Z" end-time="2021-10-14 18:17:20Z" duration="0.000139" asserts="1" />
            <test-case id="1007" name="HasSpacesTest(&quot;,!*&lt;NQBJ&gt;&quot;,False)" fullname="Open_Lab_03._06.Tests.HasSpacesTest(&quot;,!*&lt;NQBJ&gt;&quot;,False)" methodname="HasSpacesTest" classname="Open_Lab_03._06.Tests" runstate="Runnable" seed="249513646" result="Passed" start-time="2021-10-14 18:17:20Z" end-time="2021-10-14 18:17:20Z" duration="0.000111" asserts="1" />
            <test-case id="1008" name="HasSpacesTest(&quot;78QL@!&quot;,False)" fullname="Open_Lab_03._06.Tests.HasSpacesTest(&quot;78QL@!&quot;,False)" methodname="HasSpacesTest" classname="Open_Lab_03._06.Tests" runstate="Runnable" seed="802185138" result="Passed" start-time="2021-10-14 18:17:20Z" end-time="2021-10-14 18:17:20Z" duration="0.000131" asserts="1" />
            <test-case id="1009" name="HasSpacesTest(&quot;!2&lt;&amp; #X@$R&quot;,True)" fullname="Open_Lab_03._06.Tests.HasSpacesTest(&quot;!2&lt;&amp; #X@$R&quot;,True)" methodname="HasSpacesTest" classname="Open_Lab_03._06.Tests" runstate="Runnable" seed="241976415" result="Passed" start-time="2021-10-14 18:17:20Z" end-time="2021-10-14 18:17:20Z" duration="0.000129" asserts="1" />
            <test-case id="1010" name="HasSpacesTest(&quot;=J'S2CB=Q4&quot;,False)" fullname="Open_Lab_03._06.Tests.HasSpacesTest(&quot;=J'S2CB=Q4&quot;,False)" methodname="HasSpacesTest" classname="Open_Lab_03._06.Tests" runstate="Runnable" seed="930824186" result="Passed" start-time="2021-10-14 18:17:20Z" end-time="2021-10-14 18:17:20Z" duration="0.000134" asserts="1" />
            <test-case id="1011" name="HasSpacesTest(&quot;\&quot;&quot;,False)" fullname="Open_Lab_03._06.Tests.HasSpacesTest(&quot;\&quot;&quot;,False)" methodname="HasSpacesTest" classname="Open_Lab_03._06.Tests" runstate="Runnable" seed="814757176" result="Passed" start-time="2021-10-14 18:17:20Z" end-time="2021-10-14 18:17:20Z" duration="0.000107" asserts="1" />
            <test-case id="1012" name="HasSpacesTest(&quot;A4E&lt;0-7P&gt;Q&quot;,False)" fullname="Open_Lab_03._06.Tests.HasSpacesTest(&quot;A4E&lt;0-7P&gt;Q&quot;,False)" methodname="HasSpacesTest" classname="Open_Lab_03._06.Tests" runstate="Runnable" seed="1121773332" result="Passed" start-time="2021-10-14 18:17:20Z" end-time="2021-10-14 18:17:20Z" duration="0.000122" asserts="1" />
            <test-case id="1013" name="HasSpacesTest(&quot;)4J+X,V&quot;,False)" fullname="Open_Lab_03._06.Tests.HasSpacesTest(&quot;)4J+X,V&quot;,False)" methodname="HasSpacesTest" classname="Open_Lab_03._06.Tests" runstate="Runnable" seed="1852348805" result="Passed" start-time="2021-10-14 18:17:20Z" end-time="2021-10-14 18:17:20Z" duration="0.000134" asserts="1" />
            <test-case id="1014" name="HasSpacesTest(&quot;YD-N9?%.&quot;,False)" fullname="Open_Lab_03._06.Tests.HasSpacesTest(&quot;YD-N9?%.&quot;,False)" methodname="HasSpacesTest" classname="Open_Lab_03._06.Tests" runstate="Runnable" seed="1139185041" result="Passed" start-time="2021-10-14 18:17:20Z" end-time="2021-10-14 18:17:20Z" duration="0.000124" asserts="1" />
            <test-case id="1015" name="HasSpacesTest(&quot;\&quot;*&quot;,False)" fullname="Open_Lab_03._06.Tests.HasSpacesTest(&quot;\&quot;*&quot;,False)" methodname="HasSpacesTest" classname="Open_Lab_03._06.Tests" runstate="Runnable" seed="975543070" result="Passed" start-time="2021-10-14 18:17:20Z" end-time="2021-10-14 18:17:20Z" duration="0.000107" asserts="1" />
            <test-case id="1016" name="HasSpacesTest(&quot;Y/?@G9&lt;&quot;,False)" fullname="Open_Lab_03._06.Tests.HasSpacesTest(&quot;Y/?@G9&lt;&quot;,False)" methodname="HasSpacesTest" classname="Open_Lab_03._06.Tests" runstate="Runnable" seed="924938060" result="Passed" start-time="2021-10-14 18:17:20Z" end-time="2021-10-14 18:17:20Z" duration="0.000109" asserts="1" />
            <test-case id="1017" name="HasSpacesTest(&quot;R:(&quot;,False)" fullname="Open_Lab_03._06.Tests.HasSpacesTest(&quot;R:(&quot;,False)" methodname="HasSpacesTest" classname="Open_Lab_03._06.Tests" runstate="Runnable" seed="561182610" result="Passed" start-time="2021-10-14 18:17:20Z" end-time="2021-10-14 18:17:20Z" duration="0.000122" asserts="1" />
            <test-case id="1018" name="HasSpacesTest(&quot;T=IYT6?E83&quot;,False)" fullname="Open_Lab_03._06.Tests.HasSpacesTest(&quot;T=IYT6?E83&quot;,False)" methodname="HasSpacesTest" classname="Open_Lab_03._06.Tests" runstate="Runnable" seed="1351002354" result="Passed" start-time="2021-10-14 18:17:20Z" end-time="2021-10-14 18:17:20Z" duration="0.000122" asserts="1" />
            <test-case id="1019" name="HasSpacesTest(&quot;3&quot;,False)" fullname="Open_Lab_03._06.Tests.HasSpacesTest(&quot;3&quot;,False)" methodname="HasSpacesTest" classname="Open_Lab_03._06.Tests" runstate="Runnable" seed="778132503" result="Passed" start-time="2021-10-14 18:17:20Z" end-time="2021-10-14 18:17:20Z" duration="0.000135" asserts="1" />
            <test-case id="1020" name="HasSpacesTest(&quot;@,W*&quot;,False)" fullname="Open_Lab_03._06.Tests.HasSpacesTest(&quot;@,W*&quot;,False)" methodname="HasSpacesTest" classname="Open_Lab_03._06.Tests" runstate="Runnable" seed="1969620958" result="Passed" start-time="2021-10-14 18:17:20Z" end-time="2021-10-14 18:17:20Z" duration="0.000118" asserts="1" />
            <test-case id="1021" name="HasSpacesTest(&quot;-N4*ETO)??&quot;,False)" fullname="Open_Lab_03._06.Tests.HasSpacesTest(&quot;-N4*ETO)??&quot;,False)" methodname="HasSpacesTest" classname="Open_Lab_03._06.Tests" runstate="Runnable" seed="1712219383" result="Passed" start-time="2021-10-14 18:17:20Z" end-time="2021-10-14 18:17:20Z" duration="0.000127" asserts="1" />
            <test-case id="1022" name="HasSpacesTest(&quot;FR?;.TVP&quot;,False)" fullname="Open_Lab_03._06.Tests.HasSpacesTest(&quot;FR?;.TVP&quot;,False)" methodname="HasSpacesTest" classname="Open_Lab_03._06.Tests" runstate="Runnable" seed="369861805" result="Passed" start-time="2021-10-14 18:17:20Z" end-time="2021-10-14 18:17:20Z" duration="0.000129" asserts="1" />
            <test-case id="1023" name="HasSpacesTest(&quot;5N&quot;,False)" fullname="Open_Lab_03._06.Tests.HasSpacesTest(&quot;5N&quot;,False)" methodname="HasSpacesTest" classname="Open_Lab_03._06.Tests" runstate="Runnable" seed="1461534706" result="Passed" start-time="2021-10-14 18:17:20Z" end-time="2021-10-14 18:17:20Z" duration="0.000131" asserts="1" />
            <test-case id="1024" name="HasSpacesTest(&quot;@-F,,,&quot;,False)" fullname="Open_Lab_03._06.Tests.HasSpacesTest(&quot;@-F,,,&quot;,False)" methodname="HasSpacesTest" classname="Open_Lab_03._06.Tests" runstate="Runnable" seed="179026670" result="Passed" start-time="2021-10-14 18:17:20Z" end-time="2021-10-14 18:17:20Z" duration="0.000151" asserts="1" />
            <test-case id="1025" name="HasSpacesTest(&quot;-@&quot;,False)" fullname="Open_Lab_03._06.Tests.HasSpacesTest(&quot;-@&quot;,False)" methodname="HasSpacesTest" classname="Open_Lab_03._06.Tests" runstate="Runnable" seed="642512633" result="Passed" start-time="2021-10-14 18:17:20Z" end-time="2021-10-14 18:17:20Z" duration="0.000118" asserts="1" />
            <test-case id="1026" name="HasSpacesTest(&quot;T&quot;,False)" fullname="Open_Lab_03._06.Tests.HasSpacesTest(&quot;T&quot;,False)" methodname="HasSpacesTest" classname="Open_Lab_03._06.Tests" runstate="Runnable" seed="688985087" result="Passed" start-time="2021-10-14 18:17:20Z" end-time="2021-10-14 18:17:20Z" duration="0.000132" asserts="1" />
            <test-case id="1027" name="HasSpacesTest(&quot;5EI&quot;,False)" fullname="Open_Lab_03._06.Tests.HasSpacesTest(&quot;5EI&quot;,False)" methodname="HasSpacesTest" classname="Open_Lab_03._06.Tests" runstate="Runnable" seed="284283966" result="Passed" start-time="2021-10-14 18:17:20Z" end-time="2021-10-14 18:17:20Z" duration="0.000123" asserts="1" />
            <test-case id="1028" name="HasSpacesTest(&quot;P)JR UL;?&quot;,True)" fullname="Open_Lab_03._06.Tests.HasSpacesTest(&quot;P)JR UL;?&quot;,True)" methodname="HasSpacesTest" classname="Open_Lab_03._06.Tests" runstate="Runnable" seed="2120628448" result="Passed" start-time="2021-10-14 18:17:20Z" end-time="2021-10-14 18:17:20Z" duration="0.000122" asserts="1" />
            <test-case id="1029" name="HasSpacesTest(&quot;%G0&amp;\&quot;C90N&quot;,False)" fullname="Open_Lab_03._06.Tests.HasSpacesTest(&quot;%G0&amp;\&quot;C90N&quot;,False)" methodname="HasSpacesTest" classname="Open_Lab_03._06.Tests" runstate="Runnable" seed="511426276" result="Passed" start-time="2021-10-14 18:17:20Z" end-time="2021-10-14 18:17:20Z" duration="0.000105" asserts="1" />
            <test-case id="1030" name="HasSpacesTest(&quot;ZHBX81*AY2&quot;,False)" fullname="Open_Lab_03._06.Tests.HasSpacesTest(&quot;ZHBX81*AY2&quot;,False)" methodname="HasSpacesTest" classname="Open_Lab_03._06.Tests" runstate="Runnable" seed="1229889355" result="Passed" start-time="2021-10-14 18:17:20Z" end-time="2021-10-14 18:17:20Z" duration="0.000121" asserts="1" />
            <test-case id="1031" name="HasSpacesTest(&quot;D&quot;,False)" fullname="Open_Lab_03._06.Tests.HasSpacesTest(&quot;D&quot;,False)" methodname="HasSpacesTest" classname="Open_Lab_03._06.Tests" runstate="Runnable" seed="51144575" result="Passed" start-time="2021-10-14 18:17:20Z" end-time="2021-10-14 18:17:20Z" duration="0.000135" asserts="1" />
            <test-case id="1032" name="HasSpacesTest(&quot;# &quot;,True)" fullname="Open_Lab_03._06.Tests.HasSpacesTest(&quot;# &quot;,True)" methodname="HasSpacesTest" classname="Open_Lab_03._06.Tests" runstate="Runnable" seed="1781993733" result="Passed" start-time="2021-10-14 18:17:20Z" end-time="2021-10-14 18:17:20Z" duration="0.000210" asserts="1" />
            <test-case id="1033" name="HasSpacesTest(&quot;FV&lt;F&lt;+H4':&quot;,False)" fullname="Open_Lab_03._06.Tests.HasSpacesTest(&quot;FV&lt;F&lt;+H4':&quot;,False)" methodname="HasSpacesTest" classname="Open_Lab_03._06.Tests" runstate="Runnable" seed="446499243" result="Passed" start-time="2021-10-14 18:17:20Z" end-time="2021-10-14 18:17:20Z" duration="0.000244" asserts="1" />
            <test-case id="1034" name="HasSpacesTest(&quot;9#0M%QLS(B&quot;,False)" fullname="Open_Lab_03._06.Tests.HasSpacesTest(&quot;9#0M%QLS(B&quot;,False)" methodname="HasSpacesTest" classname="Open_Lab_03._06.Tests" runstate="Runnable" seed="1239148239" result="Passed" start-time="2021-10-14 18:17:20Z" end-time="2021-10-14 18:17:20Z" duration="0.000269" asserts="1" />
            <test-case id="1035" name="HasSpacesTest(&quot;:JJ+=,L;&quot;,False)" fullname="Open_Lab_03._06.Tests.HasSpacesTest(&quot;:JJ+=,L;&quot;,False)" methodname="HasSpacesTest" classname="Open_Lab_03._06.Tests" runstate="Runnable" seed="1867841671" result="Passed" start-time="2021-10-14 18:17:20Z" end-time="2021-10-14 18:17:20Z" duration="0.000427" asserts="1" />
            <test-case id="1036" name="HasSpacesTest(&quot;-&amp;$X=&quot;,False)" fullname="Open_Lab_03._06.Tests.HasSpacesTest(&quot;-&amp;$X=&quot;,False)" methodname="HasSpacesTest" classname="Open_Lab_03._06.Tests" runstate="Runnable" seed="1167446184" result="Passed" start-time="2021-10-14 18:17:20Z" end-time="2021-10-14 18:17:20Z" duration="0.000493" asserts="1" />
            <test-case id="1037" name="HasSpacesTest(&quot;(;OZ-QX4&quot;,False)" fullname="Open_Lab_03._06.Tests.HasSpacesTest(&quot;(;OZ-QX4&quot;,False)" methodname="HasSpacesTest" classname="Open_Lab_03._06.Tests" runstate="Runnable" seed="1381550163" result="Passed" start-time="2021-10-14 18:17:20Z" end-time="2021-10-14 18:17:20Z" duration="0.000152" asserts="1" />
            <test-case id="1038" name="HasSpacesTest(&quot;=I@ M8*S&quot;,True)" fullname="Open_Lab_03._06.Tests.HasSpacesTest(&quot;=I@ M8*S&quot;,True)" methodname="HasSpacesTest" classname="Open_Lab_03._06.Tests" runstate="Runnable" seed="483562394" result="Passed" start-time="2021-10-14 18:17:20Z" end-time="2021-10-14 18:17:20Z" duration="0.000120" asserts="1" />
            <test-case id="1039" name="HasSpacesTest(&quot;T&lt;MV&quot;,False)" fullname="Open_Lab_03._06.Tests.HasSpacesTest(&quot;T&lt;MV&quot;,False)" methodname="HasSpacesTest" classname="Open_Lab_03._06.Tests" runstate="Runnable" seed="1265003532" result="Passed" start-time="2021-10-14 18:17:20Z" end-time="2021-10-14 18:17:20Z" duration="0.000117" asserts="1" />
            <test-case id="1040" name="HasSpacesTest(&quot;H&lt;B&quot;,False)" fullname="Open_Lab_03._06.Tests.HasSpacesTest(&quot;H&lt;B&quot;,False)" methodname="HasSpacesTest" classname="Open_Lab_03._06.Tests" runstate="Runnable" seed="1386299386" result="Passed" start-time="2021-10-14 18:17:20Z" end-time="2021-10-14 18:17:20Z" duration="0.000132" asserts="1" />
            <test-case id="1041" name="HasSpacesTest(&quot;XJ2Y2/1&quot;,False)" fullname="Open_Lab_03._06.Tests.HasSpacesTest(&quot;XJ2Y2/1&quot;,False)" methodname="HasSpacesTest" classname="Open_Lab_03._06.Tests" runstate="Runnable" seed="2062385821" result="Passed" start-time="2021-10-14 18:17:20Z" end-time="2021-10-14 18:17:20Z" duration="0.000134" asserts="1" />
            <test-case id="1042" name="HasSpacesTest(&quot;1$(4V&lt;5Y&quot;,False)" fullname="Open_Lab_03._06.Tests.HasSpacesTest(&quot;1$(4V&lt;5Y&quot;,False)" methodname="HasSpacesTest" classname="Open_Lab_03._06.Tests" runstate="Runnable" seed="812103391" result="Passed" start-time="2021-10-14 18:17:20Z" end-time="2021-10-14 18:17:20Z" duration="0.000130" asserts="1" />
            <test-case id="1043" name="HasSpacesTest(&quot;NGLH$\&quot;.&quot;,False)" fullname="Open_Lab_03._06.Tests.HasSpacesTest(&quot;NGLH$\&quot;.&quot;,False)" methodname="HasSpacesTest" classname="Open_Lab_03._06.Tests" runstate="Runnable" seed="1073075843" result="Passed" start-time="2021-10-14 18:17:20Z" end-time="2021-10-14 18:17:20Z" duration="0.000115" asserts="1" />
            <test-case id="1044" name="HasSpacesTest(&quot;$!!,*&amp;&gt;E&quot;,False)" fullname="Open_Lab_03._06.Tests.HasSpacesTest(&quot;$!!,*&amp;&gt;E&quot;,False)" methodname="HasSpacesTest" classname="Open_Lab_03._06.Tests" runstate="Runnable" seed="1288561910" result="Passed" start-time="2021-10-14 18:17:20Z" end-time="2021-10-14 18:17:20Z" duration="0.000145" asserts="1" />
            <test-case id="1045" name="HasSpacesTest(&quot; E&quot;,True)" fullname="Open_Lab_03._06.Tests.HasSpacesTest(&quot; E&quot;,True)" methodname="HasSpacesTest" classname="Open_Lab_03._06.Tests" runstate="Runnable" seed="2056943988" result="Passed" start-time="2021-10-14 18:17:20Z" end-time="2021-10-14 18:17:20Z" duration="0.000237" asserts="1" />
            <test-case id="1046" name="HasSpacesTest(&quot;?60I$&quot;,False)" fullname="Open_Lab_03._06.Tests.HasSpacesTest(&quot;?60I$&quot;,False)" methodname="HasSpacesTest" classname="Open_Lab_03._06.Tests" runstate="Runnable" seed="1880417228" result="Passed" start-time="2021-10-14 18:17:20Z" end-time="2021-10-14 18:17:20Z" duration="0.000198" asserts="1" />
            <test-case id="1047" name="HasSpacesTest(&quot;&amp;J&quot;,False)" fullname="Open_Lab_03._06.Tests.HasSpacesTest(&quot;&amp;J&quot;,False)" methodname="HasSpacesTest" classname="Open_Lab_03._06.Tests" runstate="Runnable" seed="1697654770" result="Passed" start-time="2021-10-14 18:17:20Z" end-time="2021-10-14 18:17:20Z" duration="0.000120" asserts="1" />
            <test-case id="1048" name="HasSpacesTest(&quot;X&quot;,False)" fullname="Open_Lab_03._06.Tests.HasSpacesTest(&quot;X&quot;,False)" methodname="HasSpacesTest" classname="Open_Lab_03._06.Tests" runstate="Runnable" seed="1050111602" result="Passed" start-time="2021-10-14 18:17:20Z" end-time="2021-10-14 18:17:20Z" duration="0.000140" asserts="1" />
            <test-case id="1049" name="HasSpacesTest(&quot;7&quot;,False)" fullname="Open_Lab_03._06.Tests.HasSpacesTest(&quot;7&quot;,False)" methodname="HasSpacesTest" classname="Open_Lab_03._06.Tests" runstate="Runnable" seed="883250222" result="Passed" start-time="2021-10-14 18:17:20Z" end-time="2021-10-14 18:17:20Z" duration="0.000219" asserts="1" />
            <test-case id="1050" name="HasSpacesTest(&quot;CUPQYSG$0.&quot;,False)" fullname="Open_Lab_03._06.Tests.HasSpacesTest(&quot;CUPQYSG$0.&quot;,False)" methodname="HasSpacesTest" classname="Open_Lab_03._06.Tests" runstate="Runnable" seed="1312320422" result="Passed" start-time="2021-10-14 18:17:20Z" end-time="2021-10-14 18:17:20Z" duration="0.000149" asserts="1" />
            <test-case id="1051" name="HasSpacesTest(&quot;0&lt;&amp;&quot;,False)" fullname="Open_Lab_03._06.Tests.HasSpacesTest(&quot;0&lt;&amp;&quot;,False)" methodname="HasSpacesTest" classname="Open_Lab_03._06.Tests" runstate="Runnable" seed="1086472684" result="Passed" start-time="2021-10-14 18:17:20Z" end-time="2021-10-14 18:17:20Z" duration="0.000196" asserts="1" />
            <test-case id="1052" name="HasSpacesTest(&quot;DIL;K@)86\&quot;&quot;,False)" fullname="Open_Lab_03._06.Tests.HasSpacesTest(&quot;DIL;K@)86\&quot;&quot;,False)" methodname="HasSpacesTest" classname="Open_Lab_03._06.Tests" runstate="Runnable" seed="1028727657" result="Passed" start-time="2021-10-14 18:17:20Z" end-time="2021-10-14 18:17:20Z" duration="0.000251" asserts="1" />
            <test-case id="1053" name="HasSpacesTest(&quot;XW&gt;G&amp;!D&quot;,False)" fullname="Open_Lab_03._06.Tests.HasSpacesTest(&quot;XW&gt;G&amp;!D&quot;,False)" methodname="HasSpacesTest" classname="Open_Lab_03._06.Tests" runstate="Runnable" seed="570447247" result="Passed" start-time="2021-10-14 18:17:20Z" end-time="2021-10-14 18:17:20Z" duration="0.000308" asserts="1" />
            <test-case id="1054" name="HasSpacesTest(&quot;B,I&quot;,False)" fullname="Open_Lab_03._06.Tests.HasSpacesTest(&quot;B,I&quot;,False)" methodname="HasSpacesTest" classname="Open_Lab_03._06.Tests" runstate="Runnable" seed="209835129" result="Passed" start-time="2021-10-14 18:17:20Z" end-time="2021-10-14 18:17:20Z" duration="0.000192" asserts="1" />
            <test-case id="1055" name="HasSpacesTest(&quot;,'X4/'!8&quot;,False)" fullname="Open_Lab_03._06.Tests.HasSpacesTest(&quot;,'X4/'!8&quot;,False)" methodname="HasSpacesTest" classname="Open_Lab_03._06.Tests" runstate="Runnable" seed="2134964913" result="Passed" start-time="2021-10-14 18:17:20Z" end-time="2021-10-14 18:17:20Z" duration="0.000307" asserts="1" />
            <test-case id="1056" name="HasSpacesTest(&quot; (&amp;3,?&quot;,True)" fullname="Open_Lab_03._06.Tests.HasSpacesTest(&quot; (&amp;3,?&quot;,True)" methodname="HasSpacesTest" classname="Open_Lab_03._06.Tests" runstate="Runnable" seed="721569963" result="Passed" start-time="2021-10-14 18:17:20Z" end-time="2021-10-14 18:17:20Z" duration="0.000197" asserts="1" />
            <test-case id="1057" name="HasSpacesTest(&quot;6:&lt;9N5V&quot;,False)" fullname="Open_Lab_03._06.Tests.HasSpacesTest(&quot;6:&lt;9N5V&quot;,False)" methodname="HasSpacesTest" classname="Open_Lab_03._06.Tests" runstate="Runnable" seed="1032748901" result="Passed" start-time="2021-10-14 18:17:20Z" end-time="2021-10-14 18:17:20Z" duration="0.000350" asserts="1" />
            <test-case id="1058" name="HasSpacesTest(&quot;AC(-G,?M&quot;,False)" fullname="Open_Lab_03._06.Tests.HasSpacesTest(&quot;AC(-G,?M&quot;,False)" methodname="HasSpacesTest" classname="Open_Lab_03._06.Tests" runstate="Runnable" seed="645474210" result="Passed" start-time="2021-10-14 18:17:20Z" end-time="2021-10-14 18:17:20Z" duration="0.000234" asserts="1" />
            <test-case id="1059" name="HasSpacesTest(&quot;U@4M,U05D!&quot;,False)" fullname="Open_Lab_03._06.Tests.HasSpacesTest(&quot;U@4M,U05D!&quot;,False)" methodname="HasSpacesTest" classname="Open_Lab_03._06.Tests" runstate="Runnable" seed="1311391899" result="Passed" start-time="2021-10-14 18:17:20Z" end-time="2021-10-14 18:17:20Z" duration="0.000135" asserts="1" />
            <test-case id="1060" name="HasSpacesTest(&quot;O84U=WT'J0&quot;,False)" fullname="Open_Lab_03._06.Tests.HasSpacesTest(&quot;O84U=WT'J0&quot;,False)" methodname="HasSpacesTest" classname="Open_Lab_03._06.Tests" runstate="Runnable" seed="1930260559" result="Passed" start-time="2021-10-14 18:17:20Z" end-time="2021-10-14 18:17:20Z" duration="0.000138" asserts="1" />
            <test-case id="1061" name="HasSpacesTest(&quot;R&quot;,False)" fullname="Open_Lab_03._06.Tests.HasSpacesTest(&quot;R&quot;,False)" methodname="HasSpacesTest" classname="Open_Lab_03._06.Tests" runstate="Runnable" seed="1125697372" result="Passed" start-time="2021-10-14 18:17:20Z" end-time="2021-10-14 18:17:20Z" duration="0.000118" asserts="1" />
            <test-case id="1062" name="HasSpacesTest(&quot;-NF&quot;,False)" fullname="Open_Lab_03._06.Tests.HasSpacesTest(&quot;-NF&quot;,False)" methodname="HasSpacesTest" classname="Open_Lab_03._06.Tests" runstate="Runnable" seed="276368845" result="Passed" start-time="2021-10-14 18:17:20Z" end-time="2021-10-14 18:17:20Z" duration="0.000132" asserts="1" />
            <test-case id="1063" name="HasSpacesTest(&quot;OL5;6*8F+U&quot;,False)" fullname="Open_Lab_03._06.Tests.HasSpacesTest(&quot;OL5;6*8F+U&quot;,False)" methodname="HasSpacesTest" classname="Open_Lab_03._06.Tests" runstate="Runnable" seed="290758862" result="Passed" start-time="2021-10-14 18:17:20Z" end-time="2021-10-14 18:17:20Z" duration="0.000303" asserts="1" />
            <test-case id="1064" name="HasSpacesTest(&quot;?+&quot;,False)" fullname="Open_Lab_03._06.Tests.HasSpacesTest(&quot;?+&quot;,False)" methodname="HasSpacesTest" classname="Open_Lab_03._06.Tests" runstate="Runnable" seed="1159570707" result="Passed" start-time="2021-10-14 18:17:20Z" end-time="2021-10-14 18:17:20Z" duration="0.000159" asserts="1" />
            <test-case id="1065" name="HasSpacesTest(&quot;*&quot;,False)" fullname="Open_Lab_03._06.Tests.HasSpacesTest(&quot;*&quot;,False)" methodname="HasSpacesTest" classname="Open_Lab_03._06.Tests" runstate="Runnable" seed="879679611" result="Passed" start-time="2021-10-14 18:17:20Z" end-time="2021-10-14 18:17:20Z" duration="0.000112" asserts="1" />
            <test-case id="1066" name="HasSpacesTest(&quot;YW(/&quot;,False)" fullname="Open_Lab_03._06.Tests.HasSpacesTest(&quot;YW(/&quot;,False)" methodname="HasSpacesTest" classname="Open_Lab_03._06.Tests" runstate="Runnable" seed="1180247090" result="Passed" start-time="2021-10-14 18:17:20Z" end-time="2021-10-14 18:17:20Z" duration="0.000304" asserts="1" />
            <test-case id="1067" name="HasSpacesTest(&quot;KK3&quot;,False)" fullname="Open_Lab_03._06.Tests.HasSpacesTest(&quot;KK3&quot;,False)" methodname="HasSpacesTest" classname="Open_Lab_03._06.Tests" runstate="Runnable" seed="675274089" result="Passed" start-time="2021-10-14 18:17:20Z" end-time="2021-10-14 18:17:20Z" duration="0.000161" asserts="1" />
            <test-case id="1068" name="HasSpacesTest(&quot;\&quot;EUH'&quot;,False)" fullname="Open_Lab_03._06.Tests.HasSpacesTest(&quot;\&quot;EUH'&quot;,False)" methodname="HasSpacesTest" classname="Open_Lab_03._06.Tests" runstate="Runnable" seed="613200566" result="Passed" start-time="2021-10-14 18:17:20Z" end-time="2021-10-14 18:17:20Z" duration="0.000147" asserts="1" />
            <test-case id="1069" name="HasSpacesTest(&quot;9.0@SG&quot;,False)" fullname="Open_Lab_03._06.Tests.HasSpacesTest(&quot;9.0@SG&quot;,False)" methodname="HasSpacesTest" classname="Open_Lab_03._06.Tests" runstate="Runnable" seed="1418827017" result="Passed" start-time="2021-10-14 18:17:20Z" end-time="2021-10-14 18:17:20Z" duration="0.000119" asserts="1" />
            <test-case id="1070" name="HasSpacesTest(&quot;9-W.1&quot;,False)" fullname="Open_Lab_03._06.Tests.HasSpacesTest(&quot;9-W.1&quot;,False)" methodname="HasSpacesTest" classname="Open_Lab_03._06.Tests" runstate="Runnable" seed="1955580533" result="Passed" start-time="2021-10-14 18:17:20Z" end-time="2021-10-14 18:17:20Z" duration="0.000123" asserts="1" />
            <test-case id="1071" name="HasSpacesTest(&quot;I&quot;,False)" fullname="Open_Lab_03._06.Tests.HasSpacesTest(&quot;I&quot;,False)" methodname="HasSpacesTest" classname="Open_Lab_03._06.Tests" runstate="Runnable" seed="1690871544" result="Passed" start-time="2021-10-14 18:17:20Z" end-time="2021-10-14 18:17:20Z" duration="0.000134" asserts="1" />
            <test-case id="1072" name="HasSpacesTest(&quot;&gt;,Q&gt;.1&quot;,False)" fullname="Open_Lab_03._06.Tests.HasSpacesTest(&quot;&gt;,Q&gt;.1&quot;,False)" methodname="HasSpacesTest" classname="Open_Lab_03._06.Tests" runstate="Runnable" seed="77620216" result="Passed" start-time="2021-10-14 18:17:20Z" end-time="2021-10-14 18:17:20Z" duration="0.000264" asserts="1" />
            <test-case id="1073" name="HasSpacesTest(&quot;7M$ !#3&quot;,True)" fullname="Open_Lab_03._06.Tests.HasSpacesTest(&quot;7M$ !#3&quot;,True)" methodname="HasSpacesTest" classname="Open_Lab_03._06.Tests" runstate="Runnable" seed="85998822" result="Passed" start-time="2021-10-14 18:17:20Z" end-time="2021-10-14 18:17:20Z" duration="0.000230" asserts="1" />
            <test-case id="1074" name="HasSpacesTest(&quot;=Y#4L1&quot;,False)" fullname="Open_Lab_03._06.Tests.HasSpacesTest(&quot;=Y#4L1&quot;,False)" methodname="HasSpacesTest" classname="Open_Lab_03._06.Tests" runstate="Runnable" seed="1539316764" result="Passed" start-time="2021-10-14 18:17:20Z" end-time="2021-10-14 18:17:20Z" duration="0.000162" asserts="1" />
            <test-case id="1075" name="HasSpacesTest(&quot;&gt;1G;=V3Y9I&quot;,False)" fullname="Open_Lab_03._06.Tests.HasSpacesTest(&quot;&gt;1G;=V3Y9I&quot;,False)" methodname="HasSpacesTest" classname="Open_Lab_03._06.Tests" runstate="Runnable" seed="2054718784" result="Passed" start-time="2021-10-14 18:17:20Z" end-time="2021-10-14 18:17:20Z" duration="0.000353" asserts="1" />
            <test-case id="1076" name="HasSpacesTest(&quot;P&gt;9$*T.&quot;,False)" fullname="Open_Lab_03._06.Tests.HasSpacesTest(&quot;P&gt;9$*T.&quot;,False)" methodname="HasSpacesTest" classname="Open_Lab_03._06.Tests" runstate="Runnable" seed="900115992" result="Passed" start-time="2021-10-14 18:17:20Z" end-time="2021-10-14 18:17:20Z" duration="0.000266" asserts="1" />
            <test-case id="1077" name="HasSpacesTest(&quot;R&gt;&lt;RE9%H&quot;,False)" fullname="Open_Lab_03._06.Tests.HasSpacesTest(&quot;R&gt;&lt;RE9%H&quot;,False)" methodname="HasSpacesTest" classname="Open_Lab_03._06.Tests" runstate="Runnable" seed="1444269609" result="Passed" start-time="2021-10-14 18:17:20Z" end-time="2021-10-14 18:17:20Z" duration="0.000143" asserts="1" />
            <test-case id="1078" name="HasSpacesTest(&quot;0.HX1&quot;,False)" fullname="Open_Lab_03._06.Tests.HasSpacesTest(&quot;0.HX1&quot;,False)" methodname="HasSpacesTest" classname="Open_Lab_03._06.Tests" runstate="Runnable" seed="172972796" result="Passed" start-time="2021-10-14 18:17:20Z" end-time="2021-10-14 18:17:20Z" duration="0.000114" asserts="1" />
            <test-case id="1079" name="HasSpacesTest(&quot;I?RMNI#&quot;,False)" fullname="Open_Lab_03._06.Tests.HasSpacesTest(&quot;I?RMNI#&quot;,False)" methodname="HasSpacesTest" classname="Open_Lab_03._06.Tests" runstate="Runnable" seed="269566329" result="Passed" start-time="2021-10-14 18:17:20Z" end-time="2021-10-14 18:17:20Z" duration="0.000222" asserts="1" />
            <test-case id="1080" name="HasSpacesTest(&quot;F28.O&amp;9N&quot;,False)" fullname="Open_Lab_03._06.Tests.HasSpacesTest(&quot;F28.O&amp;9N&quot;,False)" methodname="HasSpacesTest" classname="Open_Lab_03._06.Tests" runstate="Runnable" seed="909579052" result="Passed" start-time="2021-10-14 18:17:20Z" end-time="2021-10-14 18:17:20Z" duration="0.000261" asserts="1" />
            <test-case id="1081" name="HasSpacesTest(&quot;&amp;X&quot;,False)" fullname="Open_Lab_03._06.Tests.HasSpacesTest(&quot;&amp;X&quot;,False)" methodname="HasSpacesTest" classname="Open_Lab_03._06.Tests" runstate="Runnable" seed="1138813964" result="Passed" start-time="2021-10-14 18:17:20Z" end-time="2021-10-14 18:17:20Z" duration="0.000207" asserts="1" />
            <test-case id="1082" name="HasSpacesTest(&quot;7!9\&quot;!&quot;,False)" fullname="Open_Lab_03._06.Tests.HasSpacesTest(&quot;7!9\&quot;!&quot;,False)" methodname="HasSpacesTest" classname="Open_Lab_03._06.Tests" runstate="Runnable" seed="1381656011" result="Passed" start-time="2021-10-14 18:17:20Z" end-time="2021-10-14 18:17:20Z" duration="0.000216" asserts="1" />
            <test-case id="1083" name="HasSpacesTest(&quot;.UI* &quot;,True)" fullname="Open_Lab_03._06.Tests.HasSpacesTest(&quot;.UI* &quot;,True)" methodname="HasSpacesTest" classname="Open_Lab_03._06.Tests" runstate="Runnable" seed="1237378226" result="Passed" start-time="2021-10-14 18:17:20Z" end-time="2021-10-14 18:17:20Z" duration="0.000294" asserts="1" />
            <test-case id="1084" name="HasSpacesTest(&quot;&gt;VK?2&amp;;&quot;,False)" fullname="Open_Lab_03._06.Tests.HasSpacesTest(&quot;&gt;VK?2&amp;;&quot;,False)" methodname="HasSpacesTest" classname="Open_Lab_03._06.Tests" runstate="Runnable" seed="1346589501" result="Passed" start-time="2021-10-14 18:17:20Z" end-time="2021-10-14 18:17:20Z" duration="0.000185" asserts="1" />
            <test-case id="1085" name="HasSpacesTest(&quot;N&quot;,False)" fullname="Open_Lab_03._06.Tests.HasSpacesTest(&quot;N&quot;,False)" methodname="HasSpacesTest" classname="Open_Lab_03._06.Tests" runstate="Runnable" seed="143416671" result="Passed" start-time="2021-10-14 18:17:20Z" end-time="2021-10-14 18:17:20Z" duration="0.000280" asserts="1" />
            <test-case id="1086" name="HasSpacesTest(&quot;Q@-+0BZ&lt;&quot;,False)" fullname="Open_Lab_03._06.Tests.HasSpacesTest(&quot;Q@-+0BZ&lt;&quot;,False)" methodname="HasSpacesTest" classname="Open_Lab_03._06.Tests" runstate="Runnable" seed="1169900565" result="Passed" start-time="2021-10-14 18:17:20Z" end-time="2021-10-14 18:17:20Z" duration="0.000488" asserts="1" />
            <test-case id="1087" name="HasSpacesTest(&quot;B&quot;,False)" fullname="Open_Lab_03._06.Tests.HasSpacesTest(&quot;B&quot;,False)" methodname="HasSpacesTest" classname="Open_Lab_03._06.Tests" runstate="Runnable" seed="1211546486" result="Passed" start-time="2021-10-14 18:17:20Z" end-time="2021-10-14 18:17:20Z" duration="0.000121" asserts="1" />
            <test-case id="1088" name="HasSpacesTest(&quot;S,G%PK6;)$&quot;,False)" fullname="Open_Lab_03._06.Tests.HasSpacesTest(&quot;S,G%PK6;)$&quot;,False)" methodname="HasSpacesTest" classname="Open_Lab_03._06.Tests" runstate="Runnable" seed="236664114" result="Passed" start-time="2021-10-14 18:17:20Z" end-time="2021-10-14 18:17:20Z" duration="0.000119" asserts="1" />
            <test-case id="1089" name="HasSpacesTest(&quot;1KJT5&quot;,False)" fullname="Open_Lab_03._06.Tests.HasSpacesTest(&quot;1KJT5&quot;,False)" methodname="HasSpacesTest" classname="Open_Lab_03._06.Tests" runstate="Runnable" seed="1251666973" result="Passed" start-time="2021-10-14 18:17:20Z" end-time="2021-10-14 18:17:20Z" duration="0.000296" asserts="1" />
            <test-case id="1090" name="HasSpacesTest(&quot;&lt;$ESEF*TP&quot;,False)" fullname="Open_Lab_03._06.Tests.HasSpacesTest(&quot;&lt;$ESEF*TP&quot;,False)" methodname="HasSpacesTest" classname="Open_Lab_03._06.Tests" runstate="Runnable" seed="1146271708" result="Passed" start-time="2021-10-14 18:17:20Z" end-time="2021-10-14 18:17:20Z" duration="0.000327" asserts="1" />
            <test-case id="1091" name="HasSpacesTest(&quot;'GU,'9GEJ&quot;,False)" fullname="Open_Lab_03._06.Tests.HasSpacesTest(&quot;'GU,'9GEJ&quot;,False)" methodname="HasSpacesTest" classname="Open_Lab_03._06.Tests" runstate="Runnable" seed="134697283" result="Passed" start-time="2021-10-14 18:17:20Z" end-time="2021-10-14 18:17:20Z" duration="0.000214" asserts="1" />
            <test-case id="1092" name="HasSpacesTest(&quot;:&quot;,False)" fullname="Open_Lab_03._06.Tests.HasSpacesTest(&quot;:&quot;,False)" methodname="HasSpacesTest" classname="Open_Lab_03._06.Tests" runstate="Runnable" seed="736075953" result="Passed" start-time="2021-10-14 18:17:20Z" end-time="2021-10-14 18:17:20Z" duration="0.000141" asserts="1" />
            <test-case id="1093" name="HasSpacesTest(&quot;6%DDF&quot;,False)" fullname="Open_Lab_03._06.Tests.HasSpacesTest(&quot;6%DDF&quot;,False)" methodname="HasSpacesTest" classname="Open_Lab_03._06.Tests" runstate="Runnable" seed="1319654142" result="Passed" start-time="2021-10-14 18:17:20Z" end-time="2021-10-14 18:17:20Z" duration="0.000160" asserts="1" />
            <test-case id="1094" name="HasSpacesTest(&quot;.&lt;;7&quot;,False)" fullname="Open_Lab_03._06.Tests.HasSpacesTest(&quot;.&lt;;7&quot;,False)" methodname="HasSpacesTest" classname="Open_Lab_03._06.Tests" runstate="Runnable" seed="1482226620" result="Passed" start-time="2021-10-14 18:17:20Z" end-time="2021-10-14 18:17:20Z" duration="0.000160" asserts="1" />
            <test-case id="1095" name="HasSpacesTest(&quot;% Z&quot;,True)" fullname="Open_Lab_03._06.Tests.HasSpacesTest(&quot;% Z&quot;,True)" methodname="HasSpacesTest" classname="Open_Lab_03._06.Tests" runstate="Runnable" seed="260602014" result="Passed" start-time="2021-10-14 18:17:20Z" end-time="2021-10-14 18:17:20Z" duration="0.000173" asserts="1" />
            <test-case id="1096" name="HasSpacesTest(&quot;'-@=+ U.O/&quot;,True)" fullname="Open_Lab_03._06.Tests.HasSpacesTest(&quot;'-@=+ U.O/&quot;,True)" methodname="HasSpacesTest" classname="Open_Lab_03._06.Tests" runstate="Runnable" seed="1786016976" result="Passed" start-time="2021-10-14 18:17:20Z" end-time="2021-10-14 18:17:20Z" duration="0.000126" asserts="1" />
            <test-case id="1097" name="HasSpacesTest(&quot;4R$$*29YI&quot;,False)" fullname="Open_Lab_03._06.Tests.HasSpacesTest(&quot;4R$$*29YI&quot;,False)" methodname="HasSpacesTest" classname="Open_Lab_03._06.Tests" runstate="Runnable" seed="521344529" result="Passed" start-time="2021-10-14 18:17:20Z" end-time="2021-10-14 18:17:20Z" duration="0.000170" asserts="1" />
            <test-case id="1098" name="HasSpacesTest(&quot;. ZNF3&quot;,True)" fullname="Open_Lab_03._06.Tests.HasSpacesTest(&quot;. ZNF3&quot;,True)" methodname="HasSpacesTest" classname="Open_Lab_03._06.Tests" runstate="Runnable" seed="2060988783" result="Passed" start-time="2021-10-14 18:17:20Z" end-time="2021-10-14 18:17:20Z" duration="0.000136" asserts="1" />
            <test-case id="1099" name="HasSpacesTest(&quot;K:O,&quot;,False)" fullname="Open_Lab_03._06.Tests.HasSpacesTest(&quot;K:O,&quot;,False)" methodname="HasSpacesTest" classname="Open_Lab_03._06.Tests" runstate="Runnable" seed="408882299" result="Passed" start-time="2021-10-14 18:17:20Z" end-time="2021-10-14 18:17:20Z" duration="0.000158" asserts="1" />
            <test-case id="1100" name="HasSpacesTest(&quot;=?&quot;,False)" fullname="Open_Lab_03._06.Tests.HasSpacesTest(&quot;=?&quot;,False)" methodname="HasSpacesTest" classname="Open_Lab_03._06.Tests" runstate="Runnable" seed="876696898" result="Passed" start-time="2021-10-14 18:17:20Z" end-time="2021-10-14 18:17:20Z" duration="0.000145" asserts="1" />
          </test-suite>
        </test-suite>
      </test-suite>
    </test-suite>
  </test-suite>
</test-run>